<?xml version="1.0" encoding="UTF-8"?>
<!-- Generated by org.testng.reporters.JUnitReportReporter -->
<testsuite hostname="LAPTOP-M9TA9DIJ" failures="0" tests="1" name="frameworkdesign.Tests.ErrorValidationsTest" time="10.364" errors="0" timestamp="2024-04-17T19:51:38 GMT-05:00" skipped="0">
  <testcase classname="frameworkdesign.Tests.ErrorValidationsTest" name="submitOrder" time="10.364"/>
</testsuite> <!-- frameworkdesign.Tests.ErrorValidationsTest -->
