<?xml version="1.0" encoding="UTF-8"?>
<!-- Generated by org.testng.reporters.JUnitReportReporter -->
<testsuite hostname="LAPTOP-M9TA9DIJ" failures="0" tests="3" name="frameworkdesign.Tests.SubmitOrderTest" time="52.015" errors="0" timestamp="2024-04-19T15:59:52 GMT-05:00" skipped="0">
  <testcase classname="frameworkdesign.Tests.SubmitOrderTest" name="submitOrder" time="25.820"/>
  <testcase classname="frameworkdesign.Tests.SubmitOrderTest" name="submitOrder" time="17.203"/>
  <testcase classname="frameworkdesign.Tests.SubmitOrderTest" name="orderHistoryTest" time="8.992"/>
</testsuite> <!-- frameworkdesign.Tests.SubmitOrderTest -->
