<?xml version="1.0" encoding="UTF-8"?>
<!-- Generated by org.testng.reporters.JUnitReportReporter -->
<testsuite hostname="LAPTOP-M9TA9DIJ" failures="0" tests="1" name="cucumber.TestNGTestRunner" time="30.426" errors="0" timestamp="2024-04-22T20:00:15 GMT-05:00" skipped="0">
  <testcase classname="cucumber.TestNGTestRunner" name="runScenario" time="30.426"/>
</testsuite> <!-- cucumber.TestNGTestRunner -->
