<?xml version="1.0" encoding="UTF-8"?>
<!-- Generated by org.testng.reporters.JUnitReportReporter -->
<testsuite hostname="LAPTOP-M9TA9DIJ" failures="0" tests="3" name="frameworkdesign.Tests.SubmitOrderTest" time="48.088" errors="0" timestamp="2024-04-23T06:40:32 GMT-05:00" skipped="0">
  <testcase classname="frameworkdesign.Tests.SubmitOrderTest" name="submitOrder" time="14.225"/>
  <testcase classname="frameworkdesign.Tests.SubmitOrderTest" name="submitOrder" time="22.933"/>
  <testcase classname="frameworkdesign.Tests.SubmitOrderTest" name="orderHistoryTest" time="10.930"/>
</testsuite> <!-- frameworkdesign.Tests.SubmitOrderTest -->
